app/build/outputs/logs/manifest-merger-debug-report.txt
-- Merging decision tree log ---
manifest
ADDED from src\main\AndroidManifest.xml:2:1-174:12
	package
		ADDED from src\main\AndroidManifest.xml:3:5-42
		INJECTED from src\main\AndroidManifest.xml
		INJECTED from src\main\AndroidManifest.xml
	android:versionName
		ADDED from src\main\AndroidManifest.xml:5:5-32
		INJECTED from src\main\AndroidManifest.xml
		INJECTED from src\main\AndroidManifest.xml
	android:versionCode
		ADDED from src\main\AndroidManifest.xml:4:5-29
		INJECTED from src\main\AndroidManifest.xml
		INJECTED from src\main\AndroidManifest.xml
	xmlns:android
		ADDED from src\main\AndroidManifest.xml:2:11-69
uses-sdk
ADDED from src\main\AndroidManifest.xml:7:5-9:41
MERGED from [com.android.support:appcompat-v7:25.3.1] AndroidManifest.xml:21:5-23:78
MERGED from [com.android.support:support-v4:25.3.1] AndroidManifest.xml:21:5-23:54
MERGED from [com.android.support:support-fragment:25.3.1] AndroidManifest.xml:21:5-23:60
MERGED from [com.android.support:support-media-compat:25.3.1] AndroidManifest.xml:21:5-23:63
MERGED from [com.android.support:support-core-ui:25.3.1] AndroidManifest.xml:21:5-23:58
MERGED from [com.android.support:support-core-utils:25.3.1] AndroidManifest.xml:21:5-23:61
MERGED from [com.android.support:animated-vector-drawable:25.3.1] AndroidManifest.xml:20:5-44
MERGED from [com.android.support:support-vector-drawable:25.3.1] AndroidManifest.xml:20:5-43
MERGED from [com.android.support:support-compat:25.3.1] AndroidManifest.xml:21:5-23:58
	tools:overrideLibrary
		ADDED from [com.android.support:appcompat-v7:25.3.1] AndroidManifest.xml:23:9-75
	android:targetSdkVersion
		ADDED from src\main\AndroidManifest.xml:9:9-38
		INJECTED from src\main\AndroidManifest.xml
		INJECTED from src\main\AndroidManifest.xml
	android:minSdkVersion
		ADDED from src\main\AndroidManifest.xml:8:9-35
		INJECTED from src\main\AndroidManifest.xml
		INJECTED from src\main\AndroidManifest.xml
uses-permission#android.permission.RECEIVE_BOOT_COMPLETED
ADDED from src\main\AndroidManifest.xml:11:5-81
	android:name
		ADDED from src\main\AndroidManifest.xml:11:22-78
uses-permission#android.permission.BLUETOOTH
ADDED from src\main\AndroidManifest.xml:12:5-68
	android:name
		ADDED from src\main\AndroidManifest.xml:12:22-65
uses-permission#android.permission.BLUETOOTH_ADMIN
ADDED from src\main\AndroidManifest.xml:13:5-74
	android:name
		ADDED from src\main\AndroidManifest.xml:13:22-71
uses-permission#android.permission.ACCESS_RECOVERY_SERVICE
ADDED from src\main\AndroidManifest.xml:14:5-82
	android:name
		ADDED from src\main\AndroidManifest.xml:14:22-79
uses-permission#android.permission.INTERNET
ADDED from src\main\AndroidManifest.xml:15:5-67
	android:name
		ADDED from src\main\AndroidManifest.xml:15:22-64
uses-permission#android.permission.WAKE_LOCK
ADDED from src\main\AndroidManifest.xml:16:5-67
	android:name
		ADDED from src\main\AndroidManifest.xml:16:22-65
uses-permission#android.permission.BROADCAST_STICKY
ADDED from src\main\AndroidManifest.xml:17:5-74
	android:name
		ADDED from src\main\AndroidManifest.xml:17:22-72
uses-permission#android.permission.WRITE_EXTERNAL_STORAGE
ADDED from src\main\AndroidManifest.xml:19:5-81
	android:name
		ADDED from src\main\AndroidManifest.xml:19:22-78
uses-permission#android.permission.ACCESS_NETWORK_STATE
ADDED from src\main\AndroidManifest.xml:20:5-79
	android:name
		ADDED from src\main\AndroidManifest.xml:20:22-76
uses-permission#android.permission.ACCESS_WIFI_STATE
ADDED from src\main\AndroidManifest.xml:22:5-76
	android:name
		ADDED from src\main\AndroidManifest.xml:22:22-73
uses-permission#android.permission.READ_PHONE_STATE
ADDED from src\main\AndroidManifest.xml:23:5-75
	android:name
		ADDED from src\main\AndroidManifest.xml:23:22-72
uses-permission#com.xiaomi.market.sdk.UPDATE
ADDED from src\main\AndroidManifest.xml:24:5-68
	android:name
		ADDED from src\main\AndroidManifest.xml:24:22-65
uses-permission#android.permission.MANAGE_ACCOUNTS
ADDED from src\main\AndroidManifest.xml:32:5-73
	android:name
		ADDED from src\main\AndroidManifest.xml:32:22-71
uses-permission#android.permission.GET_ACCOUNTS
ADDED from src\main\AndroidManifest.xml:33:5-70
	android:name
		ADDED from src\main\AndroidManifest.xml:33:22-68
uses-permission#android.permission.AUTHENTICATE_ACCOUNTS
ADDED from src\main\AndroidManifest.xml:34:5-79
	android:name
		ADDED from src\main\AndroidManifest.xml:34:22-77
application
ADDED from src\main\AndroidManifest.xml:36:5-170:19
MERGED from [com.android.support:appcompat-v7:25.3.1] AndroidManifest.xml:29:5-20
MERGED from [com.android.support:support-v4:25.3.1] AndroidManifest.xml:29:5-20
MERGED from [com.android.support:support-fragment:25.3.1] AndroidManifest.xml:29:5-20
MERGED from [com.android.support:support-media-compat:25.3.1] AndroidManifest.xml:29:5-20
MERGED from [com.android.support:support-core-ui:25.3.1] AndroidManifest.xml:29:5-20
MERGED from [com.android.support:support-core-utils:25.3.1] AndroidManifest.xml:29:5-20
MERGED from [com.android.support:animated-vector-drawable:25.3.1] AndroidManifest.xml:26:5-20
MERGED from [com.android.support:support-vector-drawable:25.3.1] AndroidManifest.xml:26:5-20
MERGED from [com.android.support:support-compat:25.3.1] AndroidManifest.xml:29:5-20
	android:label
		ADDED from src\main\AndroidManifest.xml:40:9-41
	android:allowBackup
		ADDED from src\main\AndroidManifest.xml:38:9-35
	android:icon
		ADDED from src\main\AndroidManifest.xml:39:9-45
	android:persistent
		ADDED from src\main\AndroidManifest.xml:41:9-34
	android:name
		ADDED from src\main\AndroidManifest.xml:37:9-71
activity#com.xiaomi.mitv.soundbarapp.ConnectingActivity
ADDED from src\main\AndroidManifest.xml:44:9-54:20
	android:screenOrientation
		ADDED from src\main\AndroidManifest.xml:47:17-53
	android:label
		ADDED from src\main\AndroidManifest.xml:49:17-49
	android:configChanges
		ADDED from src\main\AndroidManifest.xml:46:17-66
	android:theme
		ADDED from src\main\AndroidManifest.xml:48:17-76
	android:name
		ADDED from src\main\AndroidManifest.xml:45:17-78
intent-filter#android.intent.action.MAIN+android.intent.category.LAUNCHER
ADDED from src\main\AndroidManifest.xml:50:13-53:29
action#android.intent.action.MAIN
ADDED from src\main\AndroidManifest.xml:51:17-69
	android:name
		ADDED from src\main\AndroidManifest.xml:51:25-66
category#android.intent.category.LAUNCHER
ADDED from src\main\AndroidManifest.xml:52:17-77
	android:name
		ADDED from src\main\AndroidManifest.xml:52:27-74
activity#com.xiaomi.mitv.soundbarapp.MainActivity2
ADDED from src\main\AndroidManifest.xml:56:9-66:20
	android:screenOrientation
		ADDED from src\main\AndroidManifest.xml:59:17-53
	android:label
		ADDED from src\main\AndroidManifest.xml:61:17-49
	android:configChanges
		ADDED from src\main\AndroidManifest.xml:58:17-66
	android:theme
		ADDED from src\main\AndroidManifest.xml:60:17-76
	android:name
		ADDED from src\main\AndroidManifest.xml:57:17-73
intent-filter#android.intent.action.MAIN
ADDED from src\main\AndroidManifest.xml:62:13-65:29
activity#com.xiaomi.mitv.soundbarapp.WrapperActivity
ADDED from src\main\AndroidManifest.xml:67:9-77:20
	android:screenOrientation
		ADDED from src\main\AndroidManifest.xml:70:17-53
	android:label
		ADDED from src\main\AndroidManifest.xml:73:17-49
	android:exported
		ADDED from src\main\AndroidManifest.xml:71:17-41
	android:configChanges
		ADDED from src\main\AndroidManifest.xml:69:17-66
	android:theme
		ADDED from src\main\AndroidManifest.xml:72:17-76
	android:name
		ADDED from src\main\AndroidManifest.xml:68:17-75
activity#com.xiaomi.mitv.soundbarapp.util.ConfirmActivityDlg
ADDED from src\main\AndroidManifest.xml:78:9-127
	android:exported
		ADDED from src\main\AndroidManifest.xml:78:59-83
	android:theme
		ADDED from src\main\AndroidManifest.xml:78:84-125
	android:name
		ADDED from src\main\AndroidManifest.xml:78:19-58
activity#com.xiaomi.mitv.soundbarapp.upgrade.UpgradeFragment$OverlayerOK
ADDED from src\main\AndroidManifest.xml:79:9-139
	android:exported
		ADDED from src\main\AndroidManifest.xml:79:113-137
	android:theme
		ADDED from src\main\AndroidManifest.xml:79:71-112
	android:name
		ADDED from src\main\AndroidManifest.xml:79:19-70
activity#com.xiaomi.mitv.soundbarapp.upgrade.UpgradeFragment$OverlayerFailure
ADDED from src\main\AndroidManifest.xml:80:9-142
	android:exported
		ADDED from src\main\AndroidManifest.xml:80:116-140
	android:theme
		ADDED from src\main\AndroidManifest.xml:80:77-115
	android:name
		ADDED from src\main\AndroidManifest.xml:80:19-75
service#com.xiaomi.mitv.soundbarapp.player.PlayerService
ADDED from src\main\AndroidManifest.xml:91:9-95:19
	android:exported
		ADDED from src\main\AndroidManifest.xml:91:55-79
	android:name
		ADDED from src\main\AndroidManifest.xml:91:18-54
intent-filter#soundbar.music.musicservicecommand
ADDED from src\main\AndroidManifest.xml:92:13-94:29
action#soundbar.music.musicservicecommand
ADDED from src\main\AndroidManifest.xml:93:17-76
	android:name
		ADDED from src\main\AndroidManifest.xml:93:25-74
service#com.xiaomi.mitv.soundbar.UpdateService
ADDED from src\main\AndroidManifest.xml:98:9-104:19
	android:exported
		ADDED from src\main\AndroidManifest.xml:100:13-37
	android:name
		ADDED from src\main\AndroidManifest.xml:99:13-66
intent-filter#com.xiaomi.mitv.soundbar.ACTION_DFU_UPDATE
ADDED from src\main\AndroidManifest.xml:101:13-103:29
action#com.xiaomi.mitv.soundbar.ACTION_DFU_UPDATE
ADDED from src\main\AndroidManifest.xml:102:17-85
	android:name
		ADDED from src\main\AndroidManifest.xml:102:25-82
service#com.xiaomi.mitv.soundbar.SoundBarService
ADDED from src\main\AndroidManifest.xml:105:9-111:19
	android:exported
		ADDED from src\main\AndroidManifest.xml:107:13-37
	android:name
		ADDED from src\main\AndroidManifest.xml:106:13-68
intent-filter#com.xiaomi.mitv.soundbar.ACTION_SOUNDBAR_SERVICE
ADDED from src\main\AndroidManifest.xml:108:13-110:29
action#com.xiaomi.mitv.soundbar.ACTION_SOUNDBAR_SERVICE
ADDED from src\main\AndroidManifest.xml:109:17-91
	android:name
		ADDED from src\main\AndroidManifest.xml:109:25-88
provider#com.xiaomi.mitv.soundbar.provider.SoundBarProvider
ADDED from src\main\AndroidManifest.xml:113:9-118:20
	android:authorities
		ADDED from src\main\AndroidManifest.xml:115:13-59
	android:grantUriPermissions
		ADDED from src\main\AndroidManifest.xml:117:13-47
	android:exported
		ADDED from src\main\AndroidManifest.xml:116:13-36
	android:name
		ADDED from src\main\AndroidManifest.xml:114:13-78
receiver#com.xiaomi.mitv.soundbar.bluetooth.BluetoothConnectActivityReceiver
ADDED from src\main\AndroidManifest.xml:120:9-124:20
	android:name
		ADDED from src\main\AndroidManifest.xml:120:19-101
intent-filter#android.bluetooth.device.action.PAIRING_REQUEST
ADDED from src\main\AndroidManifest.xml:121:13-123:29
action#android.bluetooth.device.action.PAIRING_REQUEST
ADDED from src\main\AndroidManifest.xml:122:17-90
	android:name
		ADDED from src\main\AndroidManifest.xml:122:25-87
receiver#com.xiaomi.market.sdk.DownloadCompleteReceiver
ADDED from src\main\AndroidManifest.xml:126:9-130:20
	android:name
		ADDED from src\main\AndroidManifest.xml:126:19-80
intent-filter#android.intent.action.DOWNLOAD_COMPLETE
ADDED from src\main\AndroidManifest.xml:127:13-129:29
action#android.intent.action.DOWNLOAD_COMPLETE
ADDED from src\main\AndroidManifest.xml:128:17-82
	android:name
		ADDED from src\main\AndroidManifest.xml:128:25-79
provider#com.xiaomi.mitv.idata.client.app.iDataProvider
ADDED from src\main\AndroidManifest.xml:134:9-138:20
	android:authorities
		ADDED from src\main\AndroidManifest.xml:135:13-78
	android:grantUriPermissions
		ADDED from src\main\AndroidManifest.xml:137:13-47
	android:name
		ADDED from src\main\AndroidManifest.xml:136:13-74
receiver#com.xiaomi.mitv.idata.server.iDataCenterReceiver
ADDED from src\main\AndroidManifest.xml:140:9-145:20
	android:name
		ADDED from src\main\AndroidManifest.xml:140:19-82
intent-filter#com.xiaomi.mitv.soundbar.ACTION_IDATA_DATA_COLLECTION+com.xiaomi.mitv.soundbar.ACTION_IDATA_DIAGNOSIS
ADDED from src\main\AndroidManifest.xml:141:13-144:29
action#com.xiaomi.mitv.soundbar.ACTION_IDATA_DIAGNOSIS
ADDED from src\main\AndroidManifest.xml:142:17-89
	android:name
		ADDED from src\main\AndroidManifest.xml:142:25-87
action#com.xiaomi.mitv.soundbar.ACTION_IDATA_DATA_COLLECTION
ADDED from src\main\AndroidManifest.xml:143:17-95
	android:name
		ADDED from src\main\AndroidManifest.xml:143:25-93
service#com.xiaomi.mitv.idata.server.iDataCenterService
ADDED from src\main\AndroidManifest.xml:148:9-152:19
	android:enabled
		ADDED from src\main\AndroidManifest.xml:148:81-104
	android:name
		ADDED from src\main\AndroidManifest.xml:148:18-80
intent-filter#com.xiaomi.mitv.idata.server.INTENT_DATA_COLLECTION
ADDED from src\main\AndroidManifest.xml:149:13-151:29
action#com.xiaomi.mitv.idata.server.INTENT_DATA_COLLECTION
ADDED from src\main\AndroidManifest.xml:150:17-93
	android:name
		ADDED from src\main\AndroidManifest.xml:150:25-91
provider#com.xiaomi.mitv.idata.server.iDataCenterProvider
ADDED from src\main\AndroidManifest.xml:153:9-158:20
	android:authorities
		ADDED from src\main\AndroidManifest.xml:154:13-63
	android:grantUriPermissions
		ADDED from src\main\AndroidManifest.xml:156:13-47
	android:exported
		ADDED from src\main\AndroidManifest.xml:157:13-37
	android:name
		ADDED from src\main\AndroidManifest.xml:155:13-76
activity#com.umeng.fb.ConversationActivity
ADDED from src\main\AndroidManifest.xml:161:9-162:62
	android:theme
		ADDED from src\main\AndroidManifest.xml:162:13-60
	android:name
		ADDED from src\main\AndroidManifest.xml:161:19-67
activity#com.umeng.fb.ContactActivity
ADDED from src\main\AndroidManifest.xml:163:9-164:62
	android:theme
		ADDED from src\main\AndroidManifest.xml:164:13-60
	android:name
		ADDED from src\main\AndroidManifest.xml:163:19-62
meta-data#UMENG_APPKEY
ADDED from src\main\AndroidManifest.xml:167:9-101
	android:value
		ADDED from src\main\AndroidManifest.xml:167:20-60
	android:name
		ADDED from src\main\AndroidManifest.xml:167:61-88
meta-data#UMENG_CHANNEL
ADDED from src\main\AndroidManifest.xml:168:9-77
	android:value
		ADDED from src\main\AndroidManifest.xml:168:20-46
	android:name
		ADDED from src\main\AndroidManifest.xml:168:47-75
meta-data#android.support.VERSION
ADDED from [com.android.support:appcompat-v7:25.3.1] AndroidManifest.xml:25:5-27:34
MERGED from [com.android.support:support-v4:25.3.1] AndroidManifest.xml:25:5-27:34
MERGED from [com.android.support:support-fragment:25.3.1] AndroidManifest.xml:25:5-27:34
MERGED from [com.android.support:support-media-compat:25.3.1] AndroidManifest.xml:25:5-27:34
MERGED from [com.android.support:support-core-ui:25.3.1] AndroidManifest.xml:25:5-27:34
MERGED from [com.android.support:support-core-utils:25.3.1] AndroidManifest.xml:25:5-27:34
MERGED from [com.android.support:animated-vector-drawable:25.3.1] AndroidManifest.xml:22:5-24:34
MERGED from [com.android.support:support-vector-drawable:25.3.1] AndroidManifest.xml:22:5-24:34
MERGED from [com.android.support:support-compat:25.3.1] AndroidManifest.xml:25:5-27:34
	android:value
		ADDED from [com.android.support:appcompat-v7:25.3.1] AndroidManifest.xml:27:9-31
	android:name
		ADDED from [com.android.support:appcompat-v7:25.3.1] AndroidManifest.xml:26:9-47